                              1 ;--------------------------------------------------------
                              2 ; File Created by SDCC : free open source ANSI-C Compiler
                              3 ; Version 3.6.8 #9946 (Linux)
                              4 ;--------------------------------------------------------
                              5 	.module ladrillo
                              6 	.optsdcc -mz80
                              7 	
                              8 ;--------------------------------------------------------
                              9 ; Public variables in this module
                             10 ;--------------------------------------------------------
                             11 	.globl _ladrillo
                             12 ;--------------------------------------------------------
                             13 ; special function registers
                             14 ;--------------------------------------------------------
                             15 ;--------------------------------------------------------
                             16 ; ram data
                             17 ;--------------------------------------------------------
                             18 	.area _DATA
                             19 ;--------------------------------------------------------
                             20 ; ram data
                             21 ;--------------------------------------------------------
                             22 	.area _INITIALIZED
                             23 ;--------------------------------------------------------
                             24 ; absolute external ram data
                             25 ;--------------------------------------------------------
                             26 	.area _DABS (ABS)
                             27 ;--------------------------------------------------------
                             28 ; global & static initialisations
                             29 ;--------------------------------------------------------
                             30 	.area _HOME
                             31 	.area _GSINIT
                             32 	.area _GSFINAL
                             33 	.area _GSINIT
                             34 ;--------------------------------------------------------
                             35 ; Home
                             36 ;--------------------------------------------------------
                             37 	.area _HOME
                             38 	.area _HOME
                             39 ;--------------------------------------------------------
                             40 ; code
                             41 ;--------------------------------------------------------
                             42 	.area _CODE
                             43 	.area _CODE
   0000                      44 _ladrillo:
   0000 0F                   45 	.db #0x0f	; 15
   0001 0F                   46 	.db #0x0f	; 15
   0002 FF                   47 	.db #0xff	; 255
   0003 FF                   48 	.db #0xff	; 255
   0004 FF                   49 	.db #0xff	; 255
   0005 FF                   50 	.db #0xff	; 255
   0006 FF                   51 	.db #0xff	; 255
   0007 FF                   52 	.db #0xff	; 255
   0008 0F                   53 	.db #0x0f	; 15
   0009 0F                   54 	.db #0x0f	; 15
   000A FF                   55 	.db #0xff	; 255
   000B 7F                   56 	.db #0x7f	; 127
   000C FF                   57 	.db #0xff	; 255
   000D 7F                   58 	.db #0x7f	; 127
   000E FF                   59 	.db #0xff	; 255
   000F 7F                   60 	.db #0x7f	; 127
                             61 	.area _INITIALIZER
                             62 	.area _CABS (ABS)
