                              1 ;--------------------------------------------------------
                              2 ; File Created by SDCC : free open source ANSI-C Compiler
                              3 ; Version 3.6.8 #9946 (Linux)
                              4 ;--------------------------------------------------------
                              5 	.module tileset
                              6 	.optsdcc -mz80
                              7 	
                              8 ;--------------------------------------------------------
                              9 ; Public variables in this module
                             10 ;--------------------------------------------------------
                             11 	.globl _tiles_11
                             12 	.globl _tiles_10
                             13 	.globl _tiles_09
                             14 	.globl _tiles_08
                             15 	.globl _tiles_07
                             16 	.globl _tiles_06
                             17 	.globl _tiles_05
                             18 	.globl _tiles_04
                             19 	.globl _tiles_03
                             20 	.globl _tiles_02
                             21 	.globl _tiles_01
                             22 	.globl _tiles_00
                             23 ;--------------------------------------------------------
                             24 ; special function registers
                             25 ;--------------------------------------------------------
                             26 ;--------------------------------------------------------
                             27 ; ram data
                             28 ;--------------------------------------------------------
                             29 	.area _DATA
                             30 ;--------------------------------------------------------
                             31 ; ram data
                             32 ;--------------------------------------------------------
                             33 	.area _INITIALIZED
                             34 ;--------------------------------------------------------
                             35 ; absolute external ram data
                             36 ;--------------------------------------------------------
                             37 	.area _DABS (ABS)
                             38 ;--------------------------------------------------------
                             39 ; global & static initialisations
                             40 ;--------------------------------------------------------
                             41 	.area _HOME
                             42 	.area _GSINIT
                             43 	.area _GSFINAL
                             44 	.area _GSINIT
                             45 ;--------------------------------------------------------
                             46 ; Home
                             47 ;--------------------------------------------------------
                             48 	.area _HOME
                             49 	.area _HOME
                             50 ;--------------------------------------------------------
                             51 ; code
                             52 ;--------------------------------------------------------
                             53 	.area _CODE
                             54 	.area _CODE
   0000                      55 _tiles_00:
   0000 00                   56 	.db #0x00	; 0
   0001 00                   57 	.db #0x00	; 0
   0002 00                   58 	.db #0x00	; 0
   0003 00                   59 	.db #0x00	; 0
   0004 00                   60 	.db #0x00	; 0
   0005 00                   61 	.db #0x00	; 0
   0006 00                   62 	.db #0x00	; 0
   0007 00                   63 	.db #0x00	; 0
   0008 00                   64 	.db #0x00	; 0
   0009 00                   65 	.db #0x00	; 0
   000A 00                   66 	.db #0x00	; 0
   000B 00                   67 	.db #0x00	; 0
   000C 00                   68 	.db #0x00	; 0
   000D 00                   69 	.db #0x00	; 0
   000E 00                   70 	.db #0x00	; 0
   000F 00                   71 	.db #0x00	; 0
   0010                      72 _tiles_01:
   0010 FF                   73 	.db #0xff	; 255
   0011 FF                   74 	.db #0xff	; 255
   0012 FF                   75 	.db #0xff	; 255
   0013 FF                   76 	.db #0xff	; 255
   0014 FF                   77 	.db #0xff	; 255
   0015 FF                   78 	.db #0xff	; 255
   0016 FF                   79 	.db #0xff	; 255
   0017 FF                   80 	.db #0xff	; 255
   0018 FF                   81 	.db #0xff	; 255
   0019 FF                   82 	.db #0xff	; 255
   001A FF                   83 	.db #0xff	; 255
   001B FF                   84 	.db #0xff	; 255
   001C FF                   85 	.db #0xff	; 255
   001D FF                   86 	.db #0xff	; 255
   001E FF                   87 	.db #0xff	; 255
   001F FF                   88 	.db #0xff	; 255
   0020                      89 _tiles_02:
   0020 F0                   90 	.db #0xf0	; 240
   0021 F0                   91 	.db #0xf0	; 240
   0022 F0                   92 	.db #0xf0	; 240
   0023 F0                   93 	.db #0xf0	; 240
   0024 F0                   94 	.db #0xf0	; 240
   0025 F0                   95 	.db #0xf0	; 240
   0026 F0                   96 	.db #0xf0	; 240
   0027 F0                   97 	.db #0xf0	; 240
   0028 F0                   98 	.db #0xf0	; 240
   0029 F0                   99 	.db #0xf0	; 240
   002A F0                  100 	.db #0xf0	; 240
   002B F0                  101 	.db #0xf0	; 240
   002C F0                  102 	.db #0xf0	; 240
   002D F0                  103 	.db #0xf0	; 240
   002E F0                  104 	.db #0xf0	; 240
   002F F0                  105 	.db #0xf0	; 240
   0030                     106 _tiles_03:
   0030 F0                  107 	.db #0xf0	; 240
   0031 F0                  108 	.db #0xf0	; 240
   0032 74                  109 	.db #0x74	; 116	't'
   0033 F0                  110 	.db #0xf0	; 240
   0034 D1                  111 	.db #0xd1	; 209
   0035 D1                  112 	.db #0xd1	; 209
   0036 F0                  113 	.db #0xf0	; 240
   0037 74                  114 	.db #0x74	; 116	't'
   0038 B2                  115 	.db #0xb2	; 178
   0039 74                  116 	.db #0x74	; 116	't'
   003A F0                  117 	.db #0xf0	; 240
   003B F0                  118 	.db #0xf0	; 240
   003C F0                  119 	.db #0xf0	; 240
   003D D1                  120 	.db #0xd1	; 209
   003E F0                  121 	.db #0xf0	; 240
   003F F0                  122 	.db #0xf0	; 240
   0040                     123 _tiles_04:
   0040 00                  124 	.db #0x00	; 0
   0041 00                  125 	.db #0x00	; 0
   0042 C0                  126 	.db #0xc0	; 192
   0043 30                  127 	.db #0x30	; 48	'0'
   0044 F3                  128 	.db #0xf3	; 243
   0045 FC                  129 	.db #0xfc	; 252
   0046 E8                  130 	.db #0xe8	; 232
   0047 71                  131 	.db #0x71	; 113	'q'
   0048 30                  132 	.db #0x30	; 48	'0'
   0049 E0                  133 	.db #0xe0	; 224
   004A 00                  134 	.db #0x00	; 0
   004B 00                  135 	.db #0x00	; 0
   004C 71                  136 	.db #0x71	; 113	'q'
   004D FC                  137 	.db #0xfc	; 252
   004E FE                  138 	.db #0xfe	; 254
   004F F3                  139 	.db #0xf3	; 243
   0050                     140 _tiles_05:
   0050 11                  141 	.db #0x11	; 17
   0051 88                  142 	.db #0x88	; 136
   0052 CC                  143 	.db #0xcc	; 204
   0053 33                  144 	.db #0x33	; 51	'3'
   0054 FD                  145 	.db #0xfd	; 253
   0055 F7                  146 	.db #0xf7	; 247
   0056 E6                  147 	.db #0xe6	; 230
   0057 76                  148 	.db #0x76	; 118	'v'
   0058 33                  149 	.db #0x33	; 51	'3'
   0059 CC                  150 	.db #0xcc	; 204
   005A 88                  151 	.db #0x88	; 136
   005B 11                  152 	.db #0x11	; 17
   005C 76                  153 	.db #0x76	; 118	'v'
   005D E2                  154 	.db #0xe2	; 226
   005E F7                  155 	.db #0xf7	; 247
   005F FF                  156 	.db #0xff	; 255
   0060                     157 _tiles_06:
   0060 F0                  158 	.db #0xf0	; 240
   0061 F0                  159 	.db #0xf0	; 240
   0062 F0                  160 	.db #0xf0	; 240
   0063 F0                  161 	.db #0xf0	; 240
   0064 F0                  162 	.db #0xf0	; 240
   0065 F0                  163 	.db #0xf0	; 240
   0066 F0                  164 	.db #0xf0	; 240
   0067 F0                  165 	.db #0xf0	; 240
   0068 31                  166 	.db #0x31	; 49	'1'
   0069 E8                  167 	.db #0xe8	; 232
   006A C0                  168 	.db #0xc0	; 192
   006B 30                  169 	.db #0x30	; 48	'0'
   006C F3                  170 	.db #0xf3	; 243
   006D FC                  171 	.db #0xfc	; 252
   006E FE                  172 	.db #0xfe	; 254
   006F F3                  173 	.db #0xf3	; 243
   0070                     174 _tiles_07:
   0070 F0                  175 	.db #0xf0	; 240
   0071 F0                  176 	.db #0xf0	; 240
   0072 33                  177 	.db #0x33	; 51	'3'
   0073 CC                  178 	.db #0xcc	; 204
   0074 22                  179 	.db #0x22	; 34
   0075 44                  180 	.db #0x44	; 68	'D'
   0076 EE                  181 	.db #0xee	; 238
   0077 77                  182 	.db #0x77	; 119	'w'
   0078 CC                  183 	.db #0xcc	; 204
   0079 33                  184 	.db #0x33	; 51	'3'
   007A F0                  185 	.db #0xf0	; 240
   007B F0                  186 	.db #0xf0	; 240
   007C 77                  187 	.db #0x77	; 119	'w'
   007D EE                  188 	.db #0xee	; 238
   007E 44                  189 	.db #0x44	; 68	'D'
   007F 22                  190 	.db #0x22	; 34
   0080                     191 _tiles_08:
   0080 0F                  192 	.db #0x0f	; 15
   0081 0F                  193 	.db #0x0f	; 15
   0082 0F                  194 	.db #0x0f	; 15
   0083 0F                  195 	.db #0x0f	; 15
   0084 0F                  196 	.db #0x0f	; 15
   0085 0F                  197 	.db #0x0f	; 15
   0086 0F                  198 	.db #0x0f	; 15
   0087 0F                  199 	.db #0x0f	; 15
   0088 0F                  200 	.db #0x0f	; 15
   0089 0F                  201 	.db #0x0f	; 15
   008A 0F                  202 	.db #0x0f	; 15
   008B 0F                  203 	.db #0x0f	; 15
   008C 0F                  204 	.db #0x0f	; 15
   008D 0F                  205 	.db #0x0f	; 15
   008E 0F                  206 	.db #0x0f	; 15
   008F 0F                  207 	.db #0x0f	; 15
   0090                     208 _tiles_09:
   0090 00                  209 	.db #0x00	; 0
   0091 00                  210 	.db #0x00	; 0
   0092 0F                  211 	.db #0x0f	; 15
   0093 0F                  212 	.db #0x0f	; 15
   0094 F0                  213 	.db #0xf0	; 240
   0095 F0                  214 	.db #0xf0	; 240
   0096 0F                  215 	.db #0x0f	; 15
   0097 0F                  216 	.db #0x0f	; 15
   0098 0F                  217 	.db #0x0f	; 15
   0099 77                  218 	.db #0x77	; 119	'w'
   009A 70                  219 	.db #0x70	; 112	'p'
   009B F0                  220 	.db #0xf0	; 240
   009C 0F                  221 	.db #0x0f	; 15
   009D 77                  222 	.db #0x77	; 119	'w'
   009E 00                  223 	.db #0x00	; 0
   009F 00                  224 	.db #0x00	; 0
   00A0                     225 _tiles_10:
   00A0 F0                  226 	.db #0xf0	; 240
   00A1 00                  227 	.db #0x00	; 0
   00A2 00                  228 	.db #0x00	; 0
   00A3 F0                  229 	.db #0xf0	; 240
   00A4 16                  230 	.db #0x16	; 22
   00A5 00                  231 	.db #0x00	; 0
   00A6 00                  232 	.db #0x00	; 0
   00A7 3C                  233 	.db #0x3c	; 60
   00A8 00                  234 	.db #0x00	; 0
   00A9 F8                  235 	.db #0xf8	; 248
   00AA FC                  236 	.db #0xfc	; 252
   00AB 00                  237 	.db #0x00	; 0
   00AC 03                  238 	.db #0x03	; 3
   00AD F0                  239 	.db #0xf0	; 240
   00AE F0                  240 	.db #0xf0	; 240
   00AF 12                  241 	.db #0x12	; 18
   00B0                     242 _tiles_11:
   00B0 00                  243 	.db #0x00	; 0
   00B1 F0                  244 	.db #0xf0	; 240
   00B2 F0                  245 	.db #0xf0	; 240
   00B3 00                  246 	.db #0x00	; 0
   00B4 00                  247 	.db #0x00	; 0
   00B5 E6                  248 	.db #0xe6	; 230
   00B6 F3                  249 	.db #0xf3	; 243
   00B7 00                  250 	.db #0x00	; 0
   00B8 F1                  251 	.db #0xf1	; 241
   00B9 00                  252 	.db #0x00	; 0
   00BA 00                  253 	.db #0x00	; 0
   00BB F3                  254 	.db #0xf3	; 243
   00BC F0                  255 	.db #0xf0	; 240
   00BD CC                  256 	.db #0xcc	; 204
   00BE C4                  257 	.db #0xc4	; 196
   00BF F0                  258 	.db #0xf0	; 240
                            259 	.area _INITIALIZER
                            260 	.area _CABS (ABS)
