ASxxxx Assembler V02.00 + NoICE + SDCC mods  (Zilog Z80 / Hitachi HD64180), page 1.
Hexadecimal [16-Bits]



                              1 ;;
                              2 ;; File src/sprites/01.tmx converted to csv using cpct_tmx2data [Fri Dec  1 06:36:29 2023]
                              3 ;;   * Visible Layers:  1
                              4 ;;   * Layer Width:     32
                              5 ;;   * Layer Height:    25
                              6 ;;   * Bits per tile:   8
                              7 ;;   * Layer Bytes:     800 (32 x 25 items, 8 bits per item)
                              8 ;;   * Total Bytes:     800 (800 x 1, bytes per layer times layers)
                              9 ;;
                             10 ;;#### Width and height constants ####
                     0020    11 _p01_W = 32
                     0019    12 _p01_H = 25
                             13 
                             14 ;;#### Converted layer tilemaps ####
                             15 ;;   Visible layers: 1
                             16 ;;
                             17 .globl _p01
                     0320    18 _p01_SIZE = 800
